<?xml version="1.0" encoding="UTF-8"?>
<!-- Generated by org.testng.reporters.JUnitReportReporter -->
<testsuite skipped="0" hostname="Kaushal369" name="DriverPF.LoginAppTest" tests="1" failures="0" timestamp="05 Feb 2019 18:43:31 GMT" time="22.405" errors="0">
  <testcase name="kickOff" time="22.405" classname="DriverPF.LoginAppTest"/>
</testsuite> <!-- DriverPF.LoginAppTest -->
