<?xml version="1.0" encoding="UTF-8"?>
<!-- Generated by org.testng.reporters.JUnitReportReporter -->
<testsuite skipped="0" hostname="Kaushal369" name="DriverPF.LoginAppTest" tests="1" failures="0" timestamp="05 Feb 2019 18:47:34 GMT" time="25.759" errors="0">
  <testcase name="kickOff" time="25.759" classname="DriverPF.LoginAppTest"/>
</testsuite> <!-- DriverPF.LoginAppTest -->
